..\..\..\Project\common\BulletCollision_vs2010_debug.pdb
C:\Users\Yuri\Desktop\New Test\Bullet3D\solutions\vs2010\..\..\..\Project\common\BulletCollision_vs2010_debug.lib
C:\Users\Yuri\Desktop\New Test\Bullet3D\solutions\vs2010\obj\x32\Debug\BulletCollision\btActivatingCollisionAlgorithm.obj
C:\Users\Yuri\Desktop\New Test\Bullet3D\solutions\vs2010\obj\x32\Debug\BulletCollision\btAxisSweep3.obj
C:\Users\Yuri\Desktop\New Test\Bullet3D\solutions\vs2010\obj\x32\Debug\BulletCollision\btBox2dBox2dCollisionAlgorithm.obj
C:\Users\Yuri\Desktop\New Test\Bullet3D\solutions\vs2010\obj\x32\Debug\BulletCollision\btBox2dShape.obj
C:\Users\Yuri\Desktop\New Test\Bullet3D\solutions\vs2010\obj\x32\Debug\BulletCollision\btBoxBoxCollisionAlgorithm.obj
C:\Users\Yuri\Desktop\New Test\Bullet3D\solutions\vs2010\obj\x32\Debug\BulletCollision\btBoxBoxDetector.obj
C:\Users\Yuri\Desktop\New Test\Bullet3D\solutions\vs2010\obj\x32\Debug\BulletCollision\btBoxShape.obj
C:\Users\Yuri\Desktop\New Test\Bullet3D\solutions\vs2010\obj\x32\Debug\BulletCollision\btBroadphaseProxy.obj
C:\Users\Yuri\Desktop\New Test\Bullet3D\solutions\vs2010\obj\x32\Debug\BulletCollision\btBvhTriangleMeshShape.obj
C:\Users\Yuri\Desktop\New Test\Bullet3D\solutions\vs2010\obj\x32\Debug\BulletCollision\btCapsuleShape.obj
C:\Users\Yuri\Desktop\New Test\Bullet3D\solutions\vs2010\obj\x32\Debug\BulletCollision\btCollisionAlgorithm.obj
C:\Users\Yuri\Desktop\New Test\Bullet3D\solutions\vs2010\obj\x32\Debug\BulletCollision\btCollisionDispatcher.obj
C:\Users\Yuri\Desktop\New Test\Bullet3D\solutions\vs2010\obj\x32\Debug\BulletCollision\btCollisionObject.obj
C:\Users\Yuri\Desktop\New Test\Bullet3D\solutions\vs2010\obj\x32\Debug\BulletCollision\btCollisionShape.obj
C:\Users\Yuri\Desktop\New Test\Bullet3D\solutions\vs2010\obj\x32\Debug\BulletCollision\btCollisionWorld.obj
C:\Users\Yuri\Desktop\New Test\Bullet3D\solutions\vs2010\obj\x32\Debug\BulletCollision\btCompoundCollisionAlgorithm.obj
C:\Users\Yuri\Desktop\New Test\Bullet3D\solutions\vs2010\obj\x32\Debug\BulletCollision\btCompoundShape.obj
C:\Users\Yuri\Desktop\New Test\Bullet3D\solutions\vs2010\obj\x32\Debug\BulletCollision\btConcaveShape.obj
C:\Users\Yuri\Desktop\New Test\Bullet3D\solutions\vs2010\obj\x32\Debug\BulletCollision\btConeShape.obj
C:\Users\Yuri\Desktop\New Test\Bullet3D\solutions\vs2010\obj\x32\Debug\BulletCollision\btContactProcessing.obj
C:\Users\Yuri\Desktop\New Test\Bullet3D\solutions\vs2010\obj\x32\Debug\BulletCollision\btContinuousConvexCollision.obj
C:\Users\Yuri\Desktop\New Test\Bullet3D\solutions\vs2010\obj\x32\Debug\BulletCollision\btConvex2dConvex2dAlgorithm.obj
C:\Users\Yuri\Desktop\New Test\Bullet3D\solutions\vs2010\obj\x32\Debug\BulletCollision\btConvex2dShape.obj
C:\Users\Yuri\Desktop\New Test\Bullet3D\solutions\vs2010\obj\x32\Debug\BulletCollision\btConvexCast.obj
C:\Users\Yuri\Desktop\New Test\Bullet3D\solutions\vs2010\obj\x32\Debug\BulletCollision\btConvexConcaveCollisionAlgorithm.obj
C:\Users\Yuri\Desktop\New Test\Bullet3D\solutions\vs2010\obj\x32\Debug\BulletCollision\btConvexConvexAlgorithm.obj
C:\Users\Yuri\Desktop\New Test\Bullet3D\solutions\vs2010\obj\x32\Debug\BulletCollision\btConvexHullShape.obj
C:\Users\Yuri\Desktop\New Test\Bullet3D\solutions\vs2010\obj\x32\Debug\BulletCollision\btConvexInternalShape.obj
C:\Users\Yuri\Desktop\New Test\Bullet3D\solutions\vs2010\obj\x32\Debug\BulletCollision\btConvexPlaneCollisionAlgorithm.obj
C:\Users\Yuri\Desktop\New Test\Bullet3D\solutions\vs2010\obj\x32\Debug\BulletCollision\btConvexPointCloudShape.obj
C:\Users\Yuri\Desktop\New Test\Bullet3D\solutions\vs2010\obj\x32\Debug\BulletCollision\btConvexPolyhedron.obj
C:\Users\Yuri\Desktop\New Test\Bullet3D\solutions\vs2010\obj\x32\Debug\BulletCollision\btConvexShape.obj
C:\Users\Yuri\Desktop\New Test\Bullet3D\solutions\vs2010\obj\x32\Debug\BulletCollision\btConvexTriangleMeshShape.obj
C:\Users\Yuri\Desktop\New Test\Bullet3D\solutions\vs2010\obj\x32\Debug\BulletCollision\btCylinderShape.obj
C:\Users\Yuri\Desktop\New Test\Bullet3D\solutions\vs2010\obj\x32\Debug\BulletCollision\btDbvt.obj
C:\Users\Yuri\Desktop\New Test\Bullet3D\solutions\vs2010\obj\x32\Debug\BulletCollision\btDbvtBroadphase.obj
C:\Users\Yuri\Desktop\New Test\Bullet3D\solutions\vs2010\obj\x32\Debug\BulletCollision\btDefaultCollisionConfiguration.obj
C:\Users\Yuri\Desktop\New Test\Bullet3D\solutions\vs2010\obj\x32\Debug\BulletCollision\btDispatcher.obj
C:\Users\Yuri\Desktop\New Test\Bullet3D\solutions\vs2010\obj\x32\Debug\BulletCollision\btEmptyCollisionAlgorithm.obj
C:\Users\Yuri\Desktop\New Test\Bullet3D\solutions\vs2010\obj\x32\Debug\BulletCollision\btEmptyShape.obj
C:\Users\Yuri\Desktop\New Test\Bullet3D\solutions\vs2010\obj\x32\Debug\BulletCollision\btGenericPoolAllocator.obj
C:\Users\Yuri\Desktop\New Test\Bullet3D\solutions\vs2010\obj\x32\Debug\BulletCollision\btGhostObject.obj
C:\Users\Yuri\Desktop\New Test\Bullet3D\solutions\vs2010\obj\x32\Debug\BulletCollision\btGImpactBvh.obj
C:\Users\Yuri\Desktop\New Test\Bullet3D\solutions\vs2010\obj\x32\Debug\BulletCollision\btGImpactCollisionAlgorithm.obj
C:\Users\Yuri\Desktop\New Test\Bullet3D\solutions\vs2010\obj\x32\Debug\BulletCollision\btGImpactQuantizedBvh.obj
C:\Users\Yuri\Desktop\New Test\Bullet3D\solutions\vs2010\obj\x32\Debug\BulletCollision\btGImpactShape.obj
C:\Users\Yuri\Desktop\New Test\Bullet3D\solutions\vs2010\obj\x32\Debug\BulletCollision\btGjkConvexCast.obj
C:\Users\Yuri\Desktop\New Test\Bullet3D\solutions\vs2010\obj\x32\Debug\BulletCollision\btGjkEpa2.obj
C:\Users\Yuri\Desktop\New Test\Bullet3D\solutions\vs2010\obj\x32\Debug\BulletCollision\btGjkEpaPenetrationDepthSolver.obj
C:\Users\Yuri\Desktop\New Test\Bullet3D\solutions\vs2010\obj\x32\Debug\BulletCollision\btGjkPairDetector.obj
C:\Users\Yuri\Desktop\New Test\Bullet3D\solutions\vs2010\obj\x32\Debug\BulletCollision\btHeightfieldTerrainShape.obj
C:\Users\Yuri\Desktop\New Test\Bullet3D\solutions\vs2010\obj\x32\Debug\BulletCollision\btInternalEdgeUtility.obj
C:\Users\Yuri\Desktop\New Test\Bullet3D\solutions\vs2010\obj\x32\Debug\BulletCollision\btManifoldResult.obj
C:\Users\Yuri\Desktop\New Test\Bullet3D\solutions\vs2010\obj\x32\Debug\BulletCollision\btMinkowskiPenetrationDepthSolver.obj
C:\Users\Yuri\Desktop\New Test\Bullet3D\solutions\vs2010\obj\x32\Debug\BulletCollision\btMinkowskiSumShape.obj
C:\Users\Yuri\Desktop\New Test\Bullet3D\solutions\vs2010\obj\x32\Debug\BulletCollision\btMultimaterialTriangleMeshShape.obj
C:\Users\Yuri\Desktop\New Test\Bullet3D\solutions\vs2010\obj\x32\Debug\BulletCollision\btMultiSapBroadphase.obj
C:\Users\Yuri\Desktop\New Test\Bullet3D\solutions\vs2010\obj\x32\Debug\BulletCollision\btMultiSphereShape.obj
C:\Users\Yuri\Desktop\New Test\Bullet3D\solutions\vs2010\obj\x32\Debug\BulletCollision\btOptimizedBvh.obj
C:\Users\Yuri\Desktop\New Test\Bullet3D\solutions\vs2010\obj\x32\Debug\BulletCollision\btOverlappingPairCache.obj
C:\Users\Yuri\Desktop\New Test\Bullet3D\solutions\vs2010\obj\x32\Debug\BulletCollision\btPersistentManifold.obj
C:\Users\Yuri\Desktop\New Test\Bullet3D\solutions\vs2010\obj\x32\Debug\BulletCollision\btPolyhedralContactClipping.obj
C:\Users\Yuri\Desktop\New Test\Bullet3D\solutions\vs2010\obj\x32\Debug\BulletCollision\btPolyhedralConvexShape.obj
C:\Users\Yuri\Desktop\New Test\Bullet3D\solutions\vs2010\obj\x32\Debug\BulletCollision\btQuantizedBvh.obj
C:\Users\Yuri\Desktop\New Test\Bullet3D\solutions\vs2010\obj\x32\Debug\BulletCollision\btRaycastCallback.obj
C:\Users\Yuri\Desktop\New Test\Bullet3D\solutions\vs2010\obj\x32\Debug\BulletCollision\btScaledBvhTriangleMeshShape.obj
C:\Users\Yuri\Desktop\New Test\Bullet3D\solutions\vs2010\obj\x32\Debug\BulletCollision\btShapeHull.obj
C:\Users\Yuri\Desktop\New Test\Bullet3D\solutions\vs2010\obj\x32\Debug\BulletCollision\btSimpleBroadphase.obj
C:\Users\Yuri\Desktop\New Test\Bullet3D\solutions\vs2010\obj\x32\Debug\BulletCollision\btSimulationIslandManager.obj
C:\Users\Yuri\Desktop\New Test\Bullet3D\solutions\vs2010\obj\x32\Debug\BulletCollision\btSphereBoxCollisionAlgorithm.obj
C:\Users\Yuri\Desktop\New Test\Bullet3D\solutions\vs2010\obj\x32\Debug\BulletCollision\btSphereShape.obj
C:\Users\Yuri\Desktop\New Test\Bullet3D\solutions\vs2010\obj\x32\Debug\BulletCollision\btSphereSphereCollisionAlgorithm.obj
C:\Users\Yuri\Desktop\New Test\Bullet3D\solutions\vs2010\obj\x32\Debug\BulletCollision\btSphereTriangleCollisionAlgorithm.obj
C:\Users\Yuri\Desktop\New Test\Bullet3D\solutions\vs2010\obj\x32\Debug\BulletCollision\btStaticPlaneShape.obj
C:\Users\Yuri\Desktop\New Test\Bullet3D\solutions\vs2010\obj\x32\Debug\BulletCollision\btStridingMeshInterface.obj
C:\Users\Yuri\Desktop\New Test\Bullet3D\solutions\vs2010\obj\x32\Debug\BulletCollision\btSubSimplexConvexCast.obj
C:\Users\Yuri\Desktop\New Test\Bullet3D\solutions\vs2010\obj\x32\Debug\BulletCollision\btTetrahedronShape.obj
C:\Users\Yuri\Desktop\New Test\Bullet3D\solutions\vs2010\obj\x32\Debug\BulletCollision\btTriangleBuffer.obj
C:\Users\Yuri\Desktop\New Test\Bullet3D\solutions\vs2010\obj\x32\Debug\BulletCollision\btTriangleCallback.obj
C:\Users\Yuri\Desktop\New Test\Bullet3D\solutions\vs2010\obj\x32\Debug\BulletCollision\btTriangleIndexVertexArray.obj
C:\Users\Yuri\Desktop\New Test\Bullet3D\solutions\vs2010\obj\x32\Debug\BulletCollision\btTriangleIndexVertexMaterialArray.obj
C:\Users\Yuri\Desktop\New Test\Bullet3D\solutions\vs2010\obj\x32\Debug\BulletCollision\btTriangleMesh.obj
C:\Users\Yuri\Desktop\New Test\Bullet3D\solutions\vs2010\obj\x32\Debug\BulletCollision\btTriangleMeshShape.obj
C:\Users\Yuri\Desktop\New Test\Bullet3D\solutions\vs2010\obj\x32\Debug\BulletCollision\btTriangleShapeEx.obj
C:\Users\Yuri\Desktop\New Test\Bullet3D\solutions\vs2010\obj\x32\Debug\BulletCollision\btUniformScalingShape.obj
C:\Users\Yuri\Desktop\New Test\Bullet3D\solutions\vs2010\obj\x32\Debug\BulletCollision\btUnionFind.obj
C:\Users\Yuri\Desktop\New Test\Bullet3D\solutions\vs2010\obj\x32\Debug\BulletCollision\btVoronoiSimplexSolver.obj
C:\Users\Yuri\Desktop\New Test\Bullet3D\solutions\vs2010\obj\x32\Debug\BulletCollision\CL.10576.read.1.tlog
C:\Users\Yuri\Desktop\New Test\Bullet3D\solutions\vs2010\obj\x32\Debug\BulletCollision\CL.10576.write.1.tlog
C:\Users\Yuri\Desktop\New Test\Bullet3D\solutions\vs2010\obj\x32\Debug\BulletCollision\CL.10884.read.1.tlog
C:\Users\Yuri\Desktop\New Test\Bullet3D\solutions\vs2010\obj\x32\Debug\BulletCollision\CL.10884.write.1.tlog
C:\Users\Yuri\Desktop\New Test\Bullet3D\solutions\vs2010\obj\x32\Debug\BulletCollision\CL.1496.read.1.tlog
C:\Users\Yuri\Desktop\New Test\Bullet3D\solutions\vs2010\obj\x32\Debug\BulletCollision\CL.1496.write.1.tlog
C:\Users\Yuri\Desktop\New Test\Bullet3D\solutions\vs2010\obj\x32\Debug\BulletCollision\CL.5708.read.1.tlog
C:\Users\Yuri\Desktop\New Test\Bullet3D\solutions\vs2010\obj\x32\Debug\BulletCollision\CL.5708.write.1.tlog
C:\Users\Yuri\Desktop\New Test\Bullet3D\solutions\vs2010\obj\x32\Debug\BulletCollision\CL.7636.read.1.tlog
C:\Users\Yuri\Desktop\New Test\Bullet3D\solutions\vs2010\obj\x32\Debug\BulletCollision\CL.7636.write.1.tlog
C:\Users\Yuri\Desktop\New Test\Bullet3D\solutions\vs2010\obj\x32\Debug\BulletCollision\CL.7848.read.1.tlog
C:\Users\Yuri\Desktop\New Test\Bullet3D\solutions\vs2010\obj\x32\Debug\BulletCollision\CL.7848.write.1.tlog
C:\Users\Yuri\Desktop\New Test\Bullet3D\solutions\vs2010\obj\x32\Debug\BulletCollision\CL.8028.read.1.tlog
C:\Users\Yuri\Desktop\New Test\Bullet3D\solutions\vs2010\obj\x32\Debug\BulletCollision\CL.8028.write.1.tlog
C:\Users\Yuri\Desktop\New Test\Bullet3D\solutions\vs2010\obj\x32\Debug\BulletCollision\CL.9100.read.1.tlog
C:\Users\Yuri\Desktop\New Test\Bullet3D\solutions\vs2010\obj\x32\Debug\BulletCollision\CL.9100.write.1.tlog
C:\Users\Yuri\Desktop\New Test\Bullet3D\solutions\vs2010\obj\x32\Debug\BulletCollision\cl.command.1.tlog
C:\Users\Yuri\Desktop\New Test\Bullet3D\solutions\vs2010\obj\x32\Debug\BulletCollision\CL.read.1.tlog
C:\Users\Yuri\Desktop\New Test\Bullet3D\solutions\vs2010\obj\x32\Debug\BulletCollision\cl.write.1.tlog
C:\Users\Yuri\Desktop\New Test\Bullet3D\solutions\vs2010\obj\x32\Debug\BulletCollision\gim_box_set.obj
C:\Users\Yuri\Desktop\New Test\Bullet3D\solutions\vs2010\obj\x32\Debug\BulletCollision\gim_contact.obj
C:\Users\Yuri\Desktop\New Test\Bullet3D\solutions\vs2010\obj\x32\Debug\BulletCollision\gim_memory.obj
C:\Users\Yuri\Desktop\New Test\Bullet3D\solutions\vs2010\obj\x32\Debug\BulletCollision\gim_tri_collision.obj
C:\Users\Yuri\Desktop\New Test\Bullet3D\solutions\vs2010\obj\x32\Debug\BulletCollision\lib.command.1.tlog
C:\Users\Yuri\Desktop\New Test\Bullet3D\solutions\vs2010\obj\x32\Debug\BulletCollision\Lib-link.read.1.tlog
C:\Users\Yuri\Desktop\New Test\Bullet3D\solutions\vs2010\obj\x32\Debug\BulletCollision\Lib-link.write.1.tlog
C:\Users\Yuri\Desktop\New Test\Bullet3D\solutions\vs2010\obj\x32\Debug\BulletCollision\SphereTriangleDetector.obj
C:\USERS\YURI\DESKTOP\NEW TEST\PROJECT\COMMON\BULLETCOLLISION_VS2010_DEBUG.LIB
C:\USERS\YURI\DESKTOP\NEW TEST\PROJECT\COMMON\BULLETCOLLISION_VS2010_DEBUG.PDB
