  DemoApplication.cpp
  GLDebugDrawer.cpp
  GLDebugFont.cpp
c1xx : fatal error C1083: Cannot open source file: '..\..\Demos\OpenGL\DemoApplication.cpp': No such file or directory
  GlutDemoApplication.cpp
  GlutStuff.cpp
  GL_DialogDynamicsWorld.cpp
c1xx : fatal error C1083: Cannot open source file: '..\..\Demos\OpenGL\GLDebugDrawer.cpp': No such file or directory
  GL_DialogWindow.cpp
c1xx : fatal error C1083: Cannot open source file: '..\..\Demos\OpenGL\GlutStuff.cpp': No such file or directory
c1xx : fatal error C1083: Cannot open source file: '..\..\Demos\OpenGL\GlutDemoApplication.cpp': No such file or directory
  GL_ShapeDrawer.cpp
  GL_Simplex1to4.cpp
  RenderTexture.cpp
  stb_image.cpp
c1xx : fatal error C1083: Cannot open source file: '..\..\Demos\OpenGL\GL_DialogDynamicsWorld.cpp': No such file or directory
c1xx : fatal error C1083: Cannot open source file: '..\..\Demos\OpenGL\GL_DialogWindow.cpp': No such file or directory
  Win32AppMain.cpp
  Win32DemoApplication.cpp
c1xx : fatal error C1083: Cannot open source file: '..\..\Demos\OpenGL\GL_ShapeDrawer.cpp': No such file or directory
c1xx : fatal error C1083: Cannot open source file: '..\..\Demos\OpenGL\GLDebugFont.cpp': No such file or directory
c1xx : fatal error C1083: Cannot open source file: '..\..\Demos\OpenGL\GL_Simplex1to4.cpp': No such file or directory
c1xx : fatal error C1083: Cannot open source file: '..\..\Demos\OpenGL\stb_image.cpp': No such file or directory
c1xx : fatal error C1083: Cannot open source file: '..\..\Demos\OpenGL\Win32AppMain.cpp': No such file or directory
c1xx : fatal error C1083: Cannot open source file: '..\..\Demos\OpenGL\Win32DemoApplication.cpp': No such file or directory
c1xx : fatal error C1083: Cannot open source file: '..\..\Demos\OpenGL\RenderTexture.cpp': No such file or directory
