Build started 12/10/2012 11:32:58 AM.
     1>Project "C:\Users\Evan\Documents\Classes\CSE 381\Group\cse381-groupproject\Bullet3D\solutions\vs2010\LinearMath.vcxproj" on node 4 (build target(s)).
     1>InitializeBuildStatus:
         Creating "obj\x32\Debug\LinearMath\LinearMath.unsuccessfulbuild" because "AlwaysCreate" was specified.
       ClCompile:
         C:\Program Files (x86)\Microsoft Visual Studio 10.0\VC\bin\CL.exe /c /I..\..\src /Zi /nologo /W3 /WX- /Od /Oy- /D _CRT_SECURE_NO_WARNINGS /D _CRT_SECURE_NO_DEPRECATE /D _HAS_EXCEPTIONS=0 /D _MBCS /Gm- /RTC1 /MTd /GS /Gy /fp:fast /Zc:wchar_t /Zc:forScope /GR- /Fo"obj\x32\Debug\LinearMath\\" /Fd"..\..\..\Project\common\LinearMath_vs2010_debug.pdb" /Gd /TP /analyze- /errorReport:prompt ..\..\src\LinearMath\btAlignedAllocator.cpp ..\..\src\LinearMath\btConvexHull.cpp ..\..\src\LinearMath\btConvexHullComputer.cpp ..\..\src\LinearMath\btGeometryUtil.cpp ..\..\src\LinearMath\btPolarDecomposition.cpp ..\..\src\LinearMath\btQuickprof.cpp ..\..\src\LinearMath\btSerializer.cpp ..\..\src\LinearMath\btVector3.cpp /MP 
         btAlignedAllocator.cpp
         btConvexHull.cpp
         btConvexHullComputer.cpp
         btGeometryUtil.cpp
         btPolarDecomposition.cpp
         btQuickprof.cpp
         btSerializer.cpp
         btVector3.cpp
     1>..\..\src\LinearMath\btPolarDecomposition.cpp(63): warning C4244: 'initializing' : conversion from 'double' to 'const btScalar', possible loss of data
     1>..\..\src\LinearMath\btPolarDecomposition.cpp(66): warning C4244: 'argument' : conversion from 'double' to 'const btScalar', possible loss of data
       Lib:
         C:\Program Files (x86)\Microsoft Visual Studio 10.0\VC\bin\Lib.exe /OUT:"..\..\..\Project\common\LinearMath_vs2010_debug.lib" /NOLOGO /MACHINE:X86 obj\x32\Debug\LinearMath\btAlignedAllocator.obj
         obj\x32\Debug\LinearMath\btConvexHull.obj
         obj\x32\Debug\LinearMath\btConvexHullComputer.obj
         obj\x32\Debug\LinearMath\btGeometryUtil.obj
         obj\x32\Debug\LinearMath\btPolarDecomposition.obj
         obj\x32\Debug\LinearMath\btQuickprof.obj
         obj\x32\Debug\LinearMath\btSerializer.obj
         obj\x32\Debug\LinearMath\btVector3.obj
         LinearMath.vcxproj -> C:\Users\Evan\Documents\Classes\CSE 381\Group\cse381-groupproject\Bullet3D\solutions\vs2010\..\..\..\Project\common\LinearMath_vs2010_debug.lib
       FinalizeBuildStatus:
         Deleting file "obj\x32\Debug\LinearMath\LinearMath.unsuccessfulbuild".
         Touching "obj\x32\Debug\LinearMath\LinearMath.lastbuildstate".
     1>Done Building Project "C:\Users\Evan\Documents\Classes\CSE 381\Group\cse381-groupproject\Bullet3D\solutions\vs2010\LinearMath.vcxproj" (build target(s)).

Build succeeded.

Time Elapsed 00:00:03.71
