..\..\..\Project\common\LinearMath_vs2010_debug.pdb
C:\Users\Yuri\Documents\Visual Studio 2010\Projects\CSE381ProjectSVN\Bullet3D\solutions\vs2010\..\..\..\Project\common\LinearMath_vs2010_debug.lib
C:\Users\Yuri\Documents\Visual Studio 2010\Projects\CSE381ProjectSVN\Bullet3D\solutions\vs2010\obj\x32\Debug\LinearMath\btAlignedAllocator.obj
C:\Users\Yuri\Documents\Visual Studio 2010\Projects\CSE381ProjectSVN\Bullet3D\solutions\vs2010\obj\x32\Debug\LinearMath\btConvexHull.obj
C:\Users\Yuri\Documents\Visual Studio 2010\Projects\CSE381ProjectSVN\Bullet3D\solutions\vs2010\obj\x32\Debug\LinearMath\btConvexHullComputer.obj
C:\Users\Yuri\Documents\Visual Studio 2010\Projects\CSE381ProjectSVN\Bullet3D\solutions\vs2010\obj\x32\Debug\LinearMath\btGeometryUtil.obj
C:\Users\Yuri\Documents\Visual Studio 2010\Projects\CSE381ProjectSVN\Bullet3D\solutions\vs2010\obj\x32\Debug\LinearMath\btPolarDecomposition.obj
C:\Users\Yuri\Documents\Visual Studio 2010\Projects\CSE381ProjectSVN\Bullet3D\solutions\vs2010\obj\x32\Debug\LinearMath\btQuickprof.obj
C:\Users\Yuri\Documents\Visual Studio 2010\Projects\CSE381ProjectSVN\Bullet3D\solutions\vs2010\obj\x32\Debug\LinearMath\btSerializer.obj
C:\Users\Yuri\Documents\Visual Studio 2010\Projects\CSE381ProjectSVN\Bullet3D\solutions\vs2010\obj\x32\Debug\LinearMath\btVector3.obj
C:\Users\Yuri\Documents\Visual Studio 2010\Projects\CSE381ProjectSVN\Bullet3D\solutions\vs2010\obj\x32\Debug\LinearMath\CL.11092.read.1.tlog
C:\Users\Yuri\Documents\Visual Studio 2010\Projects\CSE381ProjectSVN\Bullet3D\solutions\vs2010\obj\x32\Debug\LinearMath\CL.11092.write.1.tlog
C:\Users\Yuri\Documents\Visual Studio 2010\Projects\CSE381ProjectSVN\Bullet3D\solutions\vs2010\obj\x32\Debug\LinearMath\CL.4488.read.1.tlog
C:\Users\Yuri\Documents\Visual Studio 2010\Projects\CSE381ProjectSVN\Bullet3D\solutions\vs2010\obj\x32\Debug\LinearMath\CL.4488.write.1.tlog
C:\Users\Yuri\Documents\Visual Studio 2010\Projects\CSE381ProjectSVN\Bullet3D\solutions\vs2010\obj\x32\Debug\LinearMath\CL.7072.read.1.tlog
C:\Users\Yuri\Documents\Visual Studio 2010\Projects\CSE381ProjectSVN\Bullet3D\solutions\vs2010\obj\x32\Debug\LinearMath\CL.7072.write.1.tlog
C:\Users\Yuri\Documents\Visual Studio 2010\Projects\CSE381ProjectSVN\Bullet3D\solutions\vs2010\obj\x32\Debug\LinearMath\CL.7936.read.1.tlog
C:\Users\Yuri\Documents\Visual Studio 2010\Projects\CSE381ProjectSVN\Bullet3D\solutions\vs2010\obj\x32\Debug\LinearMath\CL.7936.write.1.tlog
C:\Users\Yuri\Documents\Visual Studio 2010\Projects\CSE381ProjectSVN\Bullet3D\solutions\vs2010\obj\x32\Debug\LinearMath\CL.8684.read.1.tlog
C:\Users\Yuri\Documents\Visual Studio 2010\Projects\CSE381ProjectSVN\Bullet3D\solutions\vs2010\obj\x32\Debug\LinearMath\CL.8684.write.1.tlog
C:\Users\Yuri\Documents\Visual Studio 2010\Projects\CSE381ProjectSVN\Bullet3D\solutions\vs2010\obj\x32\Debug\LinearMath\CL.9424.read.1.tlog
C:\Users\Yuri\Documents\Visual Studio 2010\Projects\CSE381ProjectSVN\Bullet3D\solutions\vs2010\obj\x32\Debug\LinearMath\CL.9424.write.1.tlog
C:\Users\Yuri\Documents\Visual Studio 2010\Projects\CSE381ProjectSVN\Bullet3D\solutions\vs2010\obj\x32\Debug\LinearMath\CL.9848.read.1.tlog
C:\Users\Yuri\Documents\Visual Studio 2010\Projects\CSE381ProjectSVN\Bullet3D\solutions\vs2010\obj\x32\Debug\LinearMath\CL.9848.write.1.tlog
C:\Users\Yuri\Documents\Visual Studio 2010\Projects\CSE381ProjectSVN\Bullet3D\solutions\vs2010\obj\x32\Debug\LinearMath\CL.9932.read.1.tlog
C:\Users\Yuri\Documents\Visual Studio 2010\Projects\CSE381ProjectSVN\Bullet3D\solutions\vs2010\obj\x32\Debug\LinearMath\CL.9932.write.1.tlog
C:\Users\Yuri\Documents\Visual Studio 2010\Projects\CSE381ProjectSVN\Bullet3D\solutions\vs2010\obj\x32\Debug\LinearMath\cl.command.1.tlog
C:\Users\Yuri\Documents\Visual Studio 2010\Projects\CSE381ProjectSVN\Bullet3D\solutions\vs2010\obj\x32\Debug\LinearMath\CL.read.1.tlog
C:\Users\Yuri\Documents\Visual Studio 2010\Projects\CSE381ProjectSVN\Bullet3D\solutions\vs2010\obj\x32\Debug\LinearMath\cl.write.1.tlog
C:\Users\Yuri\Documents\Visual Studio 2010\Projects\CSE381ProjectSVN\Bullet3D\solutions\vs2010\obj\x32\Debug\LinearMath\lib.command.1.tlog
C:\Users\Yuri\Documents\Visual Studio 2010\Projects\CSE381ProjectSVN\Bullet3D\solutions\vs2010\obj\x32\Debug\LinearMath\Lib-link.read.1.tlog
C:\Users\Yuri\Documents\Visual Studio 2010\Projects\CSE381ProjectSVN\Bullet3D\solutions\vs2010\obj\x32\Debug\LinearMath\Lib-link.write.1.tlog
C:\USERS\YURI\DOCUMENTS\VISUAL STUDIO 2010\PROJECTS\CSE381PROJECTSVN\PROJECT\COMMON\LINEARMATH_VS2010_DEBUG.LIB
C:\USERS\YURI\DOCUMENTS\VISUAL STUDIO 2010\PROJECTS\CSE381PROJECTSVN\PROJECT\COMMON\LINEARMATH_VS2010_DEBUG.PDB
