C:\USERS\YURI\DESKTOP\NEW TEST\PROJECT\APPS\CH13_OGRO_INVASION\CH13_OGRO_INVASION.EXE
C:\USERS\YURI\DESKTOP\NEW TEST\PROJECT\APPS\CH13_OGRO_INVASION\CH13_OGRO_INVASION.ILK
C:\USERS\YURI\DESKTOP\NEW TEST\PROJECT\APPS\CH13_OGRO_INVASION\CH13_OGRO_INVASION.PDB
C:\USERS\YURI\DESKTOP\NEW TEST\PROJECT\TEMP\DEBUG\CAMERA.OBJ
C:\USERS\YURI\DESKTOP\NEW TEST\PROJECT\TEMP\DEBUG\CH13_OGRO_INVASION.EXE.INTERMEDIATE.MANIFEST
C:\Users\Yuri\Desktop\New Test\Project\Temp\Debug\ch13_ogro_invasion.write.1.tlog
C:\Users\Yuri\Desktop\New Test\Project\Temp\Debug\cl.command.1.tlog
C:\Users\Yuri\Desktop\New Test\Project\Temp\Debug\CL.read.1.tlog
C:\Users\Yuri\Desktop\New Test\Project\Temp\Debug\CL.write.1.tlog
C:\USERS\YURI\DESKTOP\NEW TEST\PROJECT\TEMP\DEBUG\COLLIDER.OBJ
C:\USERS\YURI\DESKTOP\NEW TEST\PROJECT\TEMP\DEBUG\ENEMY.OBJ
C:\USERS\YURI\DESKTOP\NEW TEST\PROJECT\TEMP\DEBUG\ENTITY.OBJ
C:\USERS\YURI\DESKTOP\NEW TEST\PROJECT\TEMP\DEBUG\EXAMPLE.OBJ
C:\USERS\YURI\DESKTOP\NEW TEST\PROJECT\TEMP\DEBUG\EXPLOSION.OBJ
C:\USERS\YURI\DESKTOP\NEW TEST\PROJECT\TEMP\DEBUG\FREETYPEFONT.OBJ
C:\USERS\YURI\DESKTOP\NEW TEST\PROJECT\TEMP\DEBUG\FRUSTUM.OBJ
C:\USERS\YURI\DESKTOP\NEW TEST\PROJECT\TEMP\DEBUG\GAMEWORLD.OBJ
C:\USERS\YURI\DESKTOP\NEW TEST\PROJECT\TEMP\DEBUG\GLWINDOW.OBJ
C:\USERS\YURI\DESKTOP\NEW TEST\PROJECT\TEMP\DEBUG\HOUSE.OBJ
C:\USERS\YURI\DESKTOP\NEW TEST\PROJECT\TEMP\DEBUG\LANDSCAPE.OBJ
C:\Users\Yuri\Desktop\New Test\Project\Temp\Debug\link.10964.read.1.tlog
C:\Users\Yuri\Desktop\New Test\Project\Temp\Debug\link.10964.write.1.tlog
C:\Users\Yuri\Desktop\New Test\Project\Temp\Debug\link.12308.read.1.tlog
C:\Users\Yuri\Desktop\New Test\Project\Temp\Debug\link.12308.write.1.tlog
C:\Users\Yuri\Desktop\New Test\Project\Temp\Debug\link.14332.read.1.tlog
C:\Users\Yuri\Desktop\New Test\Project\Temp\Debug\link.14332.write.1.tlog
C:\Users\Yuri\Desktop\New Test\Project\Temp\Debug\link.5236.read.1.tlog
C:\Users\Yuri\Desktop\New Test\Project\Temp\Debug\link.5236.write.1.tlog
C:\Users\Yuri\Desktop\New Test\Project\Temp\Debug\link.6584.read.1.tlog
C:\Users\Yuri\Desktop\New Test\Project\Temp\Debug\link.6584.write.1.tlog
C:\Users\Yuri\Desktop\New Test\Project\Temp\Debug\link.7004.read.1.tlog
C:\Users\Yuri\Desktop\New Test\Project\Temp\Debug\link.7004.write.1.tlog
C:\Users\Yuri\Desktop\New Test\Project\Temp\Debug\link.8160.read.1.tlog
C:\Users\Yuri\Desktop\New Test\Project\Temp\Debug\link.8160.write.1.tlog
C:\Users\Yuri\Desktop\New Test\Project\Temp\Debug\link.8972.read.1.tlog
C:\Users\Yuri\Desktop\New Test\Project\Temp\Debug\link.8972.write.1.tlog
C:\Users\Yuri\Desktop\New Test\Project\Temp\Debug\link.9592.read.1.tlog
C:\Users\Yuri\Desktop\New Test\Project\Temp\Debug\link.9592.write.1.tlog
C:\Users\Yuri\Desktop\New Test\Project\Temp\Debug\link.9924.read.1.tlog
C:\Users\Yuri\Desktop\New Test\Project\Temp\Debug\link.9924.write.1.tlog
C:\Users\Yuri\Desktop\New Test\Project\Temp\Debug\link.command.1.tlog
C:\Users\Yuri\Desktop\New Test\Project\Temp\Debug\link.read.1.tlog
C:\Users\Yuri\Desktop\New Test\Project\Temp\Debug\link.write.1.tlog
C:\USERS\YURI\DESKTOP\NEW TEST\PROJECT\TEMP\DEBUG\MAIN.OBJ
C:\USERS\YURI\DESKTOP\NEW TEST\PROJECT\TEMP\DEBUG\MD2MODEL.OBJ
C:\Users\Yuri\Desktop\New Test\Project\Temp\Debug\mt.command.1.tlog
C:\Users\Yuri\Desktop\New Test\Project\Temp\Debug\mt.read.1.tlog
C:\Users\Yuri\Desktop\New Test\Project\Temp\Debug\mt.write.1.tlog
C:\USERS\YURI\DESKTOP\NEW TEST\PROJECT\TEMP\DEBUG\OCTREENODE.OBJ
C:\USERS\YURI\DESKTOP\NEW TEST\PROJECT\TEMP\DEBUG\OGRO.OBJ
C:\USERS\YURI\DESKTOP\NEW TEST\PROJECT\TEMP\DEBUG\PHYSICS.OBJ
C:\USERS\YURI\DESKTOP\NEW TEST\PROJECT\TEMP\DEBUG\PLAYER.OBJ
C:\USERS\YURI\DESKTOP\NEW TEST\PROJECT\TEMP\DEBUG\ROCKET.OBJ
C:\USERS\YURI\DESKTOP\NEW TEST\PROJECT\TEMP\DEBUG\SPHERECOLLIDER.OBJ
C:\USERS\YURI\DESKTOP\NEW TEST\PROJECT\TEMP\DEBUG\TARGA.OBJ
C:\USERS\YURI\DESKTOP\NEW TEST\PROJECT\TEMP\DEBUG\TERRAIN.OBJ
C:\USERS\YURI\DESKTOP\NEW TEST\PROJECT\TEMP\DEBUG\TERRAINCOLLIDER.OBJ
C:\USERS\YURI\DESKTOP\NEW TEST\PROJECT\TEMP\DEBUG\TREE.OBJ
C:\Users\Yuri\Desktop\New Test\Project\Temp\Debug\vc100.idb
C:\USERS\YURI\DESKTOP\NEW TEST\PROJECT\TEMP\DEBUG\VC100.PDB
